<?xml version='1.0' encoding='UTF-8'?>
<testsuite hostname="kasia-acer" name="ForumSpec" tests="5" errors="0" failures="2" skipped="0" time="1.003">
                     <properties>
[...]
</properties>
                     <testcase classname="ForumSpec" name="return non-empty topic with one reply for id=1" time="0.849">
                                                 
                                               </testcase><testcase classname="ForumSpec" name="return one topic with two replies for id=2" time="0.029">
                                                 
                                               </testcase><testcase classname="ForumSpec" name="add new topic when json posted on /add-topic" time="0.076">
                                                 <failure message="500 Internal Server Error was not equal to 200 OK" type="org.scalatest.exceptions.TestFailedException">org.scalatest.exceptions.TestFailedException: 500 Internal Server Error was not equal to 200 OK
	at org.scalatest.MatchersHelper$.indicateFailure(MatchersHelper.scala:340)
	at org.scalatest.Matchers$AnyShouldWrapper.shouldBe(Matchers.scala:6870)
	at ForumSpec.$anonfun$new$6(ForumSpec.scala:45)
	at scala.util.DynamicVariable.withValue(DynamicVariable.scala:58)
	at akka.http.scaladsl.testkit.RouteTest.$anonfun$check$1(RouteTest.scala:57)
	at akka.http.scaladsl.testkit.RouteTestResultComponent$RouteTestResult.$tilde$greater(RouteTestResultComponent.scala:50)
	at ForumSpec.$anonfun$new$5(ForumSpec.scala:44)
	at org.scalatest.OutcomeOf.outcomeOf(OutcomeOf.scala:85)
	at org.scalatest.OutcomeOf.outcomeOf$(OutcomeOf.scala:83)
	at org.scalatest.OutcomeOf$.outcomeOf(OutcomeOf.scala:104)
	at org.scalatest.Transformer.apply(Transformer.scala:22)
	at org.scalatest.Transformer.apply(Transformer.scala:20)
	at org.scalatest.WordSpecLike$$anon$1.apply(WordSpecLike.scala:1078)
	at org.scalatest.TestSuite.withFixture(TestSuite.scala:196)
	at org.scalatest.TestSuite.withFixture$(TestSuite.scala:195)
	at org.scalatest.WordSpec.withFixture(WordSpec.scala:1881)
	at org.scalatest.WordSpecLike.invokeWithFixture$1(WordSpecLike.scala:1076)
	at org.scalatest.WordSpecLike.$anonfun$runTest$1(WordSpecLike.scala:1088)
	at org.scalatest.SuperEngine.runTestImpl(Engine.scala:289)
	at org.scalatest.WordSpecLike.runTest(WordSpecLike.scala:1088)
	at org.scalatest.WordSpecLike.runTest$(WordSpecLike.scala:1070)
	at org.scalatest.WordSpec.runTest(WordSpec.scala:1881)
	at org.scalatest.WordSpecLike.$anonfun$runTests$1(WordSpecLike.scala:1147)
	at org.scalatest.SuperEngine.$anonfun$runTestsInBranch$1(Engine.scala:396)
	at scala.collection.immutable.List.foreach(List.scala:389)
	at org.scalatest.SuperEngine.traverseSubNodes$1(Engine.scala:384)
	at org.scalatest.SuperEngine.runTestsInBranch(Engine.scala:379)
	at org.scalatest.SuperEngine.runTestsImpl(Engine.scala:461)
	at org.scalatest.WordSpecLike.runTests(WordSpecLike.scala:1147)
	at org.scalatest.WordSpecLike.runTests$(WordSpecLike.scala:1146)
	at org.scalatest.WordSpec.runTests(WordSpec.scala:1881)
	at org.scalatest.Suite.run(Suite.scala:1147)
	at org.scalatest.Suite.run$(Suite.scala:1129)
	at org.scalatest.WordSpec.org$scalatest$WordSpecLike$$super$run(WordSpec.scala:1881)
	at org.scalatest.WordSpecLike.$anonfun$run$1(WordSpecLike.scala:1192)
	at org.scalatest.SuperEngine.runImpl(Engine.scala:521)
	at org.scalatest.WordSpecLike.run(WordSpecLike.scala:1192)
	at org.scalatest.WordSpecLike.run$(WordSpecLike.scala:1190)
	at ForumSpec.org$scalatest$BeforeAndAfterAll$$super$run(ForumSpec.scala:14)
	at org.scalatest.BeforeAndAfterAll.liftedTree1$1(BeforeAndAfterAll.scala:213)
	at org.scalatest.BeforeAndAfterAll.run(BeforeAndAfterAll.scala:210)
	at org.scalatest.BeforeAndAfterAll.run$(BeforeAndAfterAll.scala:208)
	at ForumSpec.run(ForumSpec.scala:14)
	at org.scalatest.tools.Framework.org$scalatest$tools$Framework$$runSuite(Framework.scala:318)
	at org.scalatest.tools.Framework$ScalaTestTask.execute(Framework.scala:511)
	at sbt.TestRunner.runTest$1(TestFramework.scala:76)
	at sbt.TestRunner.run(TestFramework.scala:85)
	at sbt.TestFramework$$anon$2$$anonfun$$init$$1$$anonfun$apply$8.apply(TestFramework.scala:202)
	at sbt.TestFramework$$anon$2$$anonfun$$init$$1$$anonfun$apply$8.apply(TestFramework.scala:202)
	at sbt.TestFramework$.sbt$TestFramework$$withContextLoader(TestFramework.scala:185)
	at sbt.TestFramework$$anon$2$$anonfun$$init$$1.apply(TestFramework.scala:202)
	at sbt.TestFramework$$anon$2$$anonfun$$init$$1.apply(TestFramework.scala:202)
	at sbt.TestFunction.apply(TestFramework.scala:207)
	at sbt.Tests$$anonfun$9.apply(Tests.scala:216)
	at sbt.Tests$$anonfun$9.apply(Tests.scala:216)
	at sbt.std.Transform$$anon$3$$anonfun$apply$2.apply(System.scala:44)
	at sbt.std.Transform$$anon$3$$anonfun$apply$2.apply(System.scala:44)
	at sbt.std.Transform$$anon$4.work(System.scala:63)
	at sbt.Execute$$anonfun$submit$1$$anonfun$apply$1.apply(Execute.scala:228)
	at sbt.Execute$$anonfun$submit$1$$anonfun$apply$1.apply(Execute.scala:228)
	at sbt.ErrorHandling$.wideConvert(ErrorHandling.scala:17)
	at sbt.Execute.work(Execute.scala:237)
	at sbt.Execute$$anonfun$submit$1.apply(Execute.scala:228)
	at sbt.Execute$$anonfun$submit$1.apply(Execute.scala:228)
	at sbt.ConcurrentRestrictions$$anon$4$$anonfun$1.apply(ConcurrentRestrictions.scala:159)
	at sbt.CompletionService$$anon$2.call(CompletionService.scala:28)
	at java.util.concurrent.FutureTask.run(FutureTask.java:266)
	at java.util.concurrent.Executors$RunnableAdapter.call(Executors.java:511)
	at java.util.concurrent.FutureTask.run(FutureTask.java:266)
	at java.util.concurrent.ThreadPoolExecutor.runWorker(ThreadPoolExecutor.java:1142)
	at java.util.concurrent.ThreadPoolExecutor$Worker.run(ThreadPoolExecutor.java:617)
	at java.lang.Thread.run(Thread.java:745)
</failure>
                                               </testcase><testcase classname="ForumSpec" name="add reply to topic when json posted on /reply-topic" time="0.007">
                                                 <failure message="500 Internal Server Error was not equal to 200 OK" type="org.scalatest.exceptions.TestFailedException">org.scalatest.exceptions.TestFailedException: 500 Internal Server Error was not equal to 200 OK
	at org.scalatest.MatchersHelper$.indicateFailure(MatchersHelper.scala:340)
	at org.scalatest.Matchers$AnyShouldWrapper.shouldBe(Matchers.scala:6870)
	at ForumSpec.$anonfun$new$8(ForumSpec.scala:51)
	at scala.util.DynamicVariable.withValue(DynamicVariable.scala:58)
	at akka.http.scaladsl.testkit.RouteTest.$anonfun$check$1(RouteTest.scala:57)
	at akka.http.scaladsl.testkit.RouteTestResultComponent$RouteTestResult.$tilde$greater(RouteTestResultComponent.scala:50)
	at ForumSpec.$anonfun$new$7(ForumSpec.scala:51)
	at org.scalatest.OutcomeOf.outcomeOf(OutcomeOf.scala:85)
	at org.scalatest.OutcomeOf.outcomeOf$(OutcomeOf.scala:83)
	at org.scalatest.OutcomeOf$.outcomeOf(OutcomeOf.scala:104)
	at org.scalatest.Transformer.apply(Transformer.scala:22)
	at org.scalatest.Transformer.apply(Transformer.scala:20)
	at org.scalatest.WordSpecLike$$anon$1.apply(WordSpecLike.scala:1078)
	at org.scalatest.TestSuite.withFixture(TestSuite.scala:196)
	at org.scalatest.TestSuite.withFixture$(TestSuite.scala:195)
	at org.scalatest.WordSpec.withFixture(WordSpec.scala:1881)
	at org.scalatest.WordSpecLike.invokeWithFixture$1(WordSpecLike.scala:1076)
	at org.scalatest.WordSpecLike.$anonfun$runTest$1(WordSpecLike.scala:1088)
	at org.scalatest.SuperEngine.runTestImpl(Engine.scala:289)
	at org.scalatest.WordSpecLike.runTest(WordSpecLike.scala:1088)
	at org.scalatest.WordSpecLike.runTest$(WordSpecLike.scala:1070)
	at org.scalatest.WordSpec.runTest(WordSpec.scala:1881)
	at org.scalatest.WordSpecLike.$anonfun$runTests$1(WordSpecLike.scala:1147)
	at org.scalatest.SuperEngine.$anonfun$runTestsInBranch$1(Engine.scala:396)
	at scala.collection.immutable.List.foreach(List.scala:389)
	at org.scalatest.SuperEngine.traverseSubNodes$1(Engine.scala:384)
	at org.scalatest.SuperEngine.runTestsInBranch(Engine.scala:379)
	at org.scalatest.SuperEngine.runTestsImpl(Engine.scala:461)
	at org.scalatest.WordSpecLike.runTests(WordSpecLike.scala:1147)
	at org.scalatest.WordSpecLike.runTests$(WordSpecLike.scala:1146)
	at org.scalatest.WordSpec.runTests(WordSpec.scala:1881)
	at org.scalatest.Suite.run(Suite.scala:1147)
	at org.scalatest.Suite.run$(Suite.scala:1129)
	at org.scalatest.WordSpec.org$scalatest$WordSpecLike$$super$run(WordSpec.scala:1881)
	at org.scalatest.WordSpecLike.$anonfun$run$1(WordSpecLike.scala:1192)
	at org.scalatest.SuperEngine.runImpl(Engine.scala:521)
	at org.scalatest.WordSpecLike.run(WordSpecLike.scala:1192)
	at org.scalatest.WordSpecLike.run$(WordSpecLike.scala:1190)
	at ForumSpec.org$scalatest$BeforeAndAfterAll$$super$run(ForumSpec.scala:14)
	at org.scalatest.BeforeAndAfterAll.liftedTree1$1(BeforeAndAfterAll.scala:213)
	at org.scalatest.BeforeAndAfterAll.run(BeforeAndAfterAll.scala:210)
	at org.scalatest.BeforeAndAfterAll.run$(BeforeAndAfterAll.scala:208)
	at ForumSpec.run(ForumSpec.scala:14)
	at org.scalatest.tools.Framework.org$scalatest$tools$Framework$$runSuite(Framework.scala:318)
	at org.scalatest.tools.Framework$ScalaTestTask.execute(Framework.scala:511)
	at sbt.TestRunner.runTest$1(TestFramework.scala:76)
	at sbt.TestRunner.run(TestFramework.scala:85)
	at sbt.TestFramework$$anon$2$$anonfun$$init$$1$$anonfun$apply$8.apply(TestFramework.scala:202)
	at sbt.TestFramework$$anon$2$$anonfun$$init$$1$$anonfun$apply$8.apply(TestFramework.scala:202)
	at sbt.TestFramework$.sbt$TestFramework$$withContextLoader(TestFramework.scala:185)
	at sbt.TestFramework$$anon$2$$anonfun$$init$$1.apply(TestFramework.scala:202)
	at sbt.TestFramework$$anon$2$$anonfun$$init$$1.apply(TestFramework.scala:202)
	at sbt.TestFunction.apply(TestFramework.scala:207)
	at sbt.Tests$$anonfun$9.apply(Tests.scala:216)
	at sbt.Tests$$anonfun$9.apply(Tests.scala:216)
	at sbt.std.Transform$$anon$3$$anonfun$apply$2.apply(System.scala:44)
	at sbt.std.Transform$$anon$3$$anonfun$apply$2.apply(System.scala:44)
	at sbt.std.Transform$$anon$4.work(System.scala:63)
	at sbt.Execute$$anonfun$submit$1$$anonfun$apply$1.apply(Execute.scala:228)
	at sbt.Execute$$anonfun$submit$1$$anonfun$apply$1.apply(Execute.scala:228)
	at sbt.ErrorHandling$.wideConvert(ErrorHandling.scala:17)
	at sbt.Execute.work(Execute.scala:237)
	at sbt.Execute$$anonfun$submit$1.apply(Execute.scala:228)
	at sbt.Execute$$anonfun$submit$1.apply(Execute.scala:228)
	at sbt.ConcurrentRestrictions$$anon$4$$anonfun$1.apply(ConcurrentRestrictions.scala:159)
	at sbt.CompletionService$$anon$2.call(CompletionService.scala:28)
	at java.util.concurrent.FutureTask.run(FutureTask.java:266)
	at java.util.concurrent.Executors$RunnableAdapter.call(Executors.java:511)
	at java.util.concurrent.FutureTask.run(FutureTask.java:266)
	at java.util.concurrent.ThreadPoolExecutor.runWorker(ThreadPoolExecutor.java:1142)
	at java.util.concurrent.ThreadPoolExecutor$Worker.run(ThreadPoolExecutor.java:617)
	at java.lang.Thread.run(Thread.java:745)
</failure>
                                               </testcase><testcase classname="ForumSpec" name="remove topic and its replies from database" time="0.042">
                                                 
                                               </testcase>
                     <system-out></system-out>
                     <system-err></system-err>
                   </testsuite>